Build started 12/1/2014 9:23:34 AM.
     1>Project "C:\Users\quinn.mosher\Documents\GitHub\loose-documents2\Graphs and Trees Exercise STUDENT COPY\AIE Template.vcxproj" on node 2 (Build target(s)).
     1>ClCompile:
         C:\Program Files (x86)\Microsoft Visual Studio 12.0\VC\bin\CL.exe /c /I./ /I./include/ /ZI /nologo /W3 /WX- /Od /Oy- /D WIN32 /D _DEBUG /D _WINDOWS /D _MBCS /Gm /EHsc /RTC1 /MDd /GS /fp:precise /Zc:wchar_t /Zc:forScope /Fo"obj\\" /Fd"obj\vc120.pdb" /Gd /TP /analyze- /errorReport:prompt source\NodeMap.cpp source\main.cpp source\Node.cpp source\Player.cpp source\TotallyNotMain.cpp
         TotallyNotMain.cpp
         Player.cpp
     1>c:\users\quinn.mosher\documents\github\loose-documents2\graphs and trees exercise student copy\source\player.cpp(51): warning C4309: 'argument' : truncation of constant value
         Node.cpp
         main.cpp
         NodeMap.cpp
     1>c:\users\quinn.mosher\documents\github\loose-documents2\graphs and trees exercise student copy\source\nodemap.cpp(27): warning C4018: '<' : signed/unsigned mismatch
     1>c:\users\quinn.mosher\documents\github\loose-documents2\graphs and trees exercise student copy\source\nodemap.cpp(39): warning C4018: '<' : signed/unsigned mismatch
     1>c:\users\quinn.mosher\documents\github\loose-documents2\graphs and trees exercise student copy\source\nodemap.cpp(50): warning C4244: 'argument' : conversion from 'int' to 'float', possible loss of data
     1>c:\users\quinn.mosher\documents\github\loose-documents2\graphs and trees exercise student copy\source\nodemap.cpp(64): warning C4018: '<' : signed/unsigned mismatch
     1>c:\users\quinn.mosher\documents\github\loose-documents2\graphs and trees exercise student copy\source\nodemap.cpp(86): warning C4018: '<' : signed/unsigned mismatch
     1>c:\users\quinn.mosher\documents\github\loose-documents2\graphs and trees exercise student copy\source\nodemap.cpp(90): warning C4018: '<' : signed/unsigned mismatch
     1>c:\users\quinn.mosher\documents\github\loose-documents2\graphs and trees exercise student copy\source\nodemap.cpp(129): warning C4018: '<' : signed/unsigned mismatch
     1>c:\users\quinn.mosher\documents\github\loose-documents2\graphs and trees exercise student copy\source\nodemap.cpp(133): warning C4018: '<' : signed/unsigned mismatch
     1>c:\users\quinn.mosher\documents\github\loose-documents2\graphs and trees exercise student copy\source\nodemap.cpp(149): warning C4018: '<' : signed/unsigned mismatch
     1>c:\users\quinn.mosher\documents\github\loose-documents2\graphs and trees exercise student copy\source\nodemap.cpp(155): warning C4018: '<' : signed/unsigned mismatch
     1>c:\users\quinn.mosher\documents\github\loose-documents2\graphs and trees exercise student copy\source\nodemap.cpp(183): warning C4018: '<' : signed/unsigned mismatch
         Generating Code...
       Link:
         C:\Program Files (x86)\Microsoft Visual Studio 12.0\VC\bin\link.exe /ERRORREPORT:PROMPT /OUT:"bin\AIE Template_d.exe" /INCREMENTAL /NOLOGO /LIBPATH:./libs AIE_GL_Static_Framework_d.lib kernel32.lib kernel32.lib user32.lib gdi32.lib winspool.lib comdlg32.lib advapi32.lib shell32.lib ole32.lib oleaut32.lib uuid.lib odbc32.lib odbccp32.lib /MANIFEST /MANIFESTUAC:"level='asInvoker' uiAccess='false'" /manifest:embed /DEBUG /PDB:"bin\AIE Template_d.pdb" /TLBID:1 /DYNAMICBASE /NXCOMPAT /IMPLIB:"bin\AIE Template_d.lib" /MACHINE:X86 obj\NodeMap.obj
         obj\main.obj
         obj\Node.obj
         obj\Player.obj
         obj\TotallyNotMain.obj
         AIE Template.vcxproj -> C:\Users\quinn.mosher\Documents\GitHub\loose-documents2\Graphs and Trees Exercise STUDENT COPY\bin\AIE Template_d.exe
     1>Done Building Project "C:\Users\quinn.mosher\Documents\GitHub\loose-documents2\Graphs and Trees Exercise STUDENT COPY\AIE Template.vcxproj" (Build target(s)).

Build succeeded.

Time Elapsed 00:00:01.69
