Build started 12/2/2014 1:31:35 PM.
     1>Project "C:\Users\quinn.mosher\Documents\GitHub\loose-documents2\Resource - Factory Example\Factory Example\Factory Example\Factory Example.vcxproj" on node 2 (Build target(s)).
     1>ClCompile:
         C:\Program Files (x86)\Microsoft Visual Studio 12.0\VC\bin\CL.exe /c /ZI /nologo /W3 /WX- /Od /Oy- /D WIN32 /D _DEBUG /D _CONSOLE /D _UNICODE /D UNICODE /Gm /EHsc /RTC1 /MDd /GS /fp:precise /Zc:wchar_t /Zc:forScope /Fo"Debug\\" /Fd"Debug\vc120.pdb" /Gd /TP /analyze- /errorReport:prompt car.cpp
         car.cpp
     1>c:\users\quinn.mosher\documents\github\loose-documents2\resource - factory example\factory example\factory example\iobject.h(54): warning C4996: 'strcpy': This function or variable may be unsafe. Consider using strcpy_s instead. To disable deprecation, use _CRT_SECURE_NO_WARNINGS. See online help for details.
                 c:\program files (x86)\microsoft visual studio 12.0\vc\include\string.h(112) : see declaration of 'strcpy'
     1>c:\users\quinn.mosher\documents\github\loose-documents2\resource - factory example\factory example\factory example\car.cpp(11): warning C4996: 'fscanf': This function or variable may be unsafe. Consider using fscanf_s instead. To disable deprecation, use _CRT_SECURE_NO_WARNINGS. See online help for details.
                 c:\program files (x86)\microsoft visual studio 12.0\vc\include\stdio.h(230) : see declaration of 'fscanf'
     1>c:\users\quinn.mosher\documents\github\loose-documents2\resource - factory example\factory example\factory example\car.cpp(12): warning C4996: 'fscanf': This function or variable may be unsafe. Consider using fscanf_s instead. To disable deprecation, use _CRT_SECURE_NO_WARNINGS. See online help for details.
                 c:\program files (x86)\microsoft visual studio 12.0\vc\include\stdio.h(230) : see declaration of 'fscanf'
       Link:
         C:\Program Files (x86)\Microsoft Visual Studio 12.0\VC\bin\link.exe /ERRORREPORT:PROMPT /OUT:"C:\Users\quinn.mosher\Documents\GitHub\loose-documents2\Resource - Factory Example\Factory Example\Debug\Factory Example.exe" /INCREMENTAL /NOLOGO kernel32.lib user32.lib gdi32.lib winspool.lib comdlg32.lib advapi32.lib shell32.lib ole32.lib oleaut32.lib uuid.lib odbc32.lib odbccp32.lib /MANIFEST /MANIFESTUAC:"level='asInvoker' uiAccess='false'" /manifest:embed /DEBUG /PDB:"C:\Users\quinn.mosher\Documents\GitHub\loose-documents2\Resource - Factory Example\Factory Example\Debug\Factory Example.pdb" /SUBSYSTEM:CONSOLE /TLBID:1 /DYNAMICBASE /NXCOMPAT /IMPLIB:"C:\Users\quinn.mosher\Documents\GitHub\loose-documents2\Resource - Factory Example\Factory Example\Debug\Factory Example.lib" /MACHINE:X86 /SAFESEH Debug\car.obj
         Debug\CFactory.obj
         Debug\CLevel.obj
         Debug\CPlayer.obj
         Debug\CSprite.obj
         Debug\IObject.obj
         Debug\main.obj
         Factory Example.vcxproj -> C:\Users\quinn.mosher\Documents\GitHub\loose-documents2\Resource - Factory Example\Factory Example\Debug\Factory Example.exe
     1>Done Building Project "C:\Users\quinn.mosher\Documents\GitHub\loose-documents2\Resource - Factory Example\Factory Example\Factory Example\Factory Example.vcxproj" (Build target(s)).

Build succeeded.

Time Elapsed 00:00:00.33
